{
  "RSpec": {
    "coverage": {
      "/home/raquel/orders-api/app/gateways/transaction_gateway.rb": {
        "lines": [
          1,
          1,
          0,
          0,
          null,
          null,
          null,
          1,
          0,
          null,
          null,
          1,
          14,
          null,
          null,
          1,
          7,
          7,
          7,
          null,
          7,
          null,
          7,
          null,
          7,
          14,
          14,
          14,
          14,
          14,
          14,
          null,
          null,
          14,
          null,
          null,
          null,
          14,
          7,
          null,
          null,
          null,
          null,
          null,
          null,
          14,
          null,
          14,
          7,
          null,
          null,
          null,
          null,
          null,
          null,
          null,
          22,
          null,
          14,
          4,
          0,
          null,
          null,
          10,
          null,
          null,
          14,
          null,
          14,
          14,
          null,
          14,
          null,
          null,
          7,
          null,
          7,
          0,
          0,
          null,
          null,
          0,
          null,
          null,
          null,
          1,
          null,
          1,
          7,
          null,
          7,
          null,
          7,
          null,
          null,
          null,
          7,
          null,
          null,
          null,
          null,
          null,
          null,
          null,
          7,
          null,
          null,
          1,
          14,
          null,
          14,
          18,
          null,
          null,
          14,
          14,
          null,
          null
        ]
      },
      "/home/raquel/orders-api/spec/requests/order_spec.rb": {
        "lines": [
          1,
          null,
          1,
          1,
          1,
          1,
          1,
          1,
          null,
          2,
          1,
          2,
          null,
          1,
          1,
          null,
          null,
          1,
          null,
          null,
          1,
          1,
          null,
          null,
          null,
          null,
          null,
          null,
          null,
          null,
          null,
          null,
          null,
          null,
          null,
          null,
          null,
          null,
          null,
          null,
          null,
          null,
          null,
          null,
          null,
          null,
          2,
          2,
          1,
          null,
          null,
          null,
          null,
          1,
          1,
          1,
          1,
          null,
          1,
          1,
          null,
          null,
          null,
          null,
          null,
          null,
          null,
          null,
          null,
          null,
          null,
          null,
          null,
          null,
          null,
          null,
          null,
          null,
          null,
          null,
          null,
          null,
          null,
          null,
          null,
          null,
          null,
          null,
          2,
          null,
          1,
          1,
          1,
          null,
          null,
          null,
          null,
          null,
          1,
          1,
          1,
          1,
          null,
          1,
          1,
          null,
          1,
          1,
          null,
          null,
          null,
          null,
          null,
          null,
          null,
          null,
          null,
          null,
          null,
          null,
          null,
          null,
          null,
          null,
          null,
          null,
          null,
          null,
          null,
          null,
          null,
          null,
          null,
          null,
          null,
          null,
          2,
          2,
          2,
          null,
          1,
          1,
          1,
          null,
          null,
          null,
          1,
          2,
          2,
          null,
          1,
          1,
          1,
          1,
          null,
          null,
          null,
          1,
          2,
          2,
          null,
          1,
          1,
          1,
          1,
          null,
          null,
          null,
          1,
          2,
          2,
          null,
          1,
          1,
          1,
          1,
          null,
          null,
          null,
          1,
          2,
          2,
          null,
          1,
          1,
          1,
          1,
          null,
          null,
          null,
          null,
          null
        ]
      },
      "/home/raquel/orders-api/spec/swagger_helper.rb": {
        "lines": [
          null,
          null,
          1,
          null,
          1,
          null,
          null,
          null,
          1,
          null,
          null,
          null,
          null,
          null,
          null,
          null,
          1,
          null,
          null,
          null,
          null,
          null,
          null,
          null,
          null,
          null,
          null,
          null,
          null,
          null,
          null,
          null,
          null,
          null,
          null,
          null,
          null,
          null,
          null,
          null,
          null,
          1,
          null
        ]
      },
      "/home/raquel/orders-api/spec/requests/product_spec.rb": {
        "lines": [
          1,
          null,
          1,
          1,
          1,
          1,
          1,
          1,
          null,
          1,
          1,
          null,
          null,
          null,
          null,
          null,
          2,
          2,
          1,
          null,
          null,
          1,
          2,
          1,
          1,
          1,
          null,
          null,
          null,
          null,
          null,
          1,
          1,
          1,
          1,
          null,
          1,
          1,
          null,
          null,
          null,
          null,
          null,
          null,
          null,
          null,
          null,
          2,
          null,
          1,
          1,
          1,
          null,
          null,
          null,
          1,
          1,
          null,
          null,
          null,
          null,
          null,
          null,
          null,
          null,
          null,
          2,
          null,
          1,
          1,
          1,
          null,
          null,
          null,
          null,
          null
        ]
      },
      "/home/raquel/orders-api/spec/requests/transaction_spec.rb": {
        "lines": [
          1,
          1,
          null,
          1,
          1,
          1,
          1,
          1,
          1,
          null,
          1,
          null,
          1,
          1,
          null,
          null,
          null,
          null,
          null,
          null,
          null,
          null,
          null,
          null,
          null,
          null,
          null,
          null,
          null,
          null,
          null,
          null,
          null,
          null,
          null,
          null,
          null,
          null,
          null,
          null,
          null,
          2,
          1,
          null,
          null,
          1,
          1,
          null,
          null,
          null,
          null,
          2,
          null,
          1,
          null,
          null,
          null,
          null
        ]
      },
      "/home/raquel/orders-api/spec/requests/user_spec.rb": {
        "lines": [
          1,
          null,
          1,
          1,
          1,
          1,
          1,
          1,
          null,
          1,
          1,
          null,
          null,
          null,
          null,
          null,
          2,
          2,
          null,
          1,
          null,
          null,
          1,
          2,
          1,
          1,
          1,
          null,
          null,
          null,
          null,
          null,
          1,
          1,
          1,
          1,
          null,
          1,
          1,
          null,
          null,
          null,
          null,
          null,
          null,
          null,
          null,
          null,
          null,
          null,
          2,
          null,
          1,
          1,
          1,
          null,
          null,
          null,
          null,
          null
        ]
      },
      "/home/raquel/orders-api/app/gateways/order_gateway.rb": {
        "lines": [
          1,
          1,
          2,
          2,
          null,
          null,
          null,
          1,
          14,
          14,
          null,
          14,
          null,
          null,
          1,
          1,
          null,
          null,
          1,
          1,
          null,
          null,
          1,
          null,
          1,
          14,
          14,
          14,
          null,
          null
        ]
      },
      "/home/raquel/orders-api/app/gateways/product_gateway.rb": {
        "lines": [
          1,
          1,
          2,
          2,
          null,
          null,
          null,
          1,
          2,
          null,
          null,
          1,
          14,
          null,
          14,
          4,
          null,
          10,
          null,
          null,
          14,
          null,
          null
        ]
      },
      "/home/raquel/orders-api/app/gateways/user_gateway.rb": {
        "lines": [
          1,
          1,
          2,
          2,
          null,
          null,
          null,
          1,
          14,
          14,
          null,
          14,
          null,
          null,
          1,
          1,
          null,
          null,
          1,
          null,
          1,
          14,
          null,
          null
        ]
      },
      "/home/raquel/orders-api/app/models/transaction.rb": {
        "lines": [
          1,
          1,
          1,
          null
        ]
      },
      "/home/raquel/orders-api/app/models/order.rb": {
        "lines": [
          1,
          1,
          null,
          1,
          1,
          null
        ]
      },
      "/home/raquel/orders-api/app/controllers/api/v1/orders_controller.rb": {
        "lines": [
          1,
          1,
          1,
          1,
          1,
          1,
          null,
          1,
          null,
          null,
          1,
          2,
          2,
          2,
          null,
          null,
          1,
          5,
          null,
          3,
          2,
          null,
          2,
          1,
          null,
          1,
          1,
          null,
          1,
          null,
          1,
          1,
          null,
          null,
          2,
          null,
          null,
          null,
          null,
          null
        ]
      },
      "/home/raquel/orders-api/app/controllers/application_controller.rb": {
        "lines": [
          1,
          null
        ]
      },
      "/home/raquel/orders-api/app/use_cases/orders/show_use_case.rb": {
        "lines": [
          1,
          1,
          2,
          null,
          null
        ]
      },
      "/home/raquel/orders-api/app/presenters/order_presenter.rb": {
        "lines": [
          1,
          1,
          4,
          null,
          null,
          1,
          null,
          2,
          0,
          null,
          2,
          null,
          0,
          0,
          0,
          null,
          null,
          null,
          1,
          null,
          2,
          6,
          null,
          2,
          0,
          0,
          0,
          null,
          null,
          null,
          1,
          null,
          1,
          null,
          8,
          null,
          null,
          null,
          null,
          null,
          null,
          null,
          1,
          null,
          8,
          null,
          null,
          null,
          null,
          1,
          8,
          null,
          0,
          null,
          null,
          null,
          null,
          null,
          1,
          0,
          null,
          null,
          1,
          0,
          null,
          null
        ]
      },
      "/home/raquel/orders-api/app/use_cases/orders/show_all_use_case.rb": {
        "lines": [
          1,
          1,
          1,
          null,
          null
        ]
      },
      "/home/raquel/orders-api/app/use_cases/orders/search_use_case.rb": {
        "lines": [
          1,
          1,
          1,
          null,
          null
        ]
      },
      "/home/raquel/orders-api/app/controllers/api/v1/products_controller.rb": {
        "lines": [
          1,
          1,
          1,
          1,
          2,
          2,
          null,
          2,
          null,
          null,
          1,
          2,
          2,
          null,
          2,
          null,
          null,
          null,
          null
        ]
      },
      "/home/raquel/orders-api/app/use_cases/products/show_use_case.rb": {
        "lines": [
          1,
          1,
          2,
          null,
          null
        ]
      },
      "/home/raquel/orders-api/app/presenters/product_presenter.rb": {
        "lines": [
          1,
          1,
          4,
          null,
          null,
          1,
          null,
          2,
          1,
          null,
          null,
          1,
          null,
          null,
          null,
          null,
          null,
          null,
          0,
          0,
          0,
          null,
          null,
          null,
          1,
          null,
          2,
          0,
          0,
          0,
          null,
          null,
          null,
          1,
          1,
          0,
          null,
          null,
          1,
          1,
          null,
          null
        ]
      },
      "/home/raquel/orders-api/app/use_cases/products/show_all_use_case.rb": {
        "lines": [
          1,
          1,
          2,
          null,
          null
        ]
      },
      "/home/raquel/orders-api/app/controllers/api/v1/transactions_controller.rb": {
        "lines": [
          1,
          1,
          1,
          1,
          0,
          0,
          null,
          0,
          null,
          null,
          1,
          2,
          2,
          1,
          1,
          1,
          null,
          1,
          null,
          1,
          null,
          null,
          null,
          1,
          0,
          0,
          0,
          null,
          null,
          1,
          0,
          null,
          null,
          null,
          null
        ]
      },
      "/home/raquel/orders-api/app/use_cases/transactions/process_file_use_case.rb": {
        "lines": [
          1,
          1,
          1,
          null,
          null
        ]
      },
      "/home/raquel/orders-api/app/presenters/transaction_presenter.rb": {
        "lines": [
          1,
          1,
          1,
          null,
          null,
          1,
          1,
          1,
          2,
          null,
          null,
          null,
          1,
          null,
          0,
          0,
          null,
          0,
          null,
          0,
          0,
          0,
          null,
          null,
          null,
          1,
          null,
          0,
          0,
          0,
          0,
          null,
          null,
          null,
          1,
          null,
          1,
          null,
          2,
          null,
          null,
          null,
          2,
          null,
          null,
          null,
          null,
          null,
          null,
          null,
          1,
          2,
          null,
          2,
          null,
          null,
          null,
          null,
          null,
          1,
          0,
          null,
          null,
          1,
          0,
          null,
          null
        ]
      },
      "/home/raquel/orders-api/app/controllers/api/v1/users_controller.rb": {
        "lines": [
          1,
          1,
          1,
          1,
          1,
          1,
          null,
          1,
          null,
          null,
          1,
          2,
          2,
          2,
          null,
          null,
          null,
          null
        ]
      },
      "/home/raquel/orders-api/app/use_cases/users/show_use_case.rb": {
        "lines": [
          1,
          1,
          2,
          null,
          null
        ]
      },
      "/home/raquel/orders-api/app/presenters/user_presenter.rb": {
        "lines": [
          1,
          1,
          3,
          null,
          null,
          1,
          null,
          2,
          1,
          null,
          1,
          null,
          0,
          0,
          0,
          null,
          null,
          null,
          1,
          null,
          1,
          0,
          0,
          0,
          null,
          null,
          null,
          null,
          1,
          1,
          0,
          null,
          null,
          1,
          1,
          null,
          null
        ]
      },
      "/home/raquel/orders-api/app/use_cases/users/show_all_use_case.rb": {
        "lines": [
          1,
          1,
          1,
          null,
          null
        ]
      }
    },
    "timestamp": 1731981833
  }
}
